# JRE version: Java(TM) SE Runtime Environment (8.0_144-b01) (build 1.8.0_144-b01)
# Java VM: Java HotSpot(TM) 64-Bit Server VM (25.144-b01 mixed mode linux-amd64 compressed oops)
Heap:
 PSYoungGen      total 165888K, used 6768K [0x00000000eab00000, 0x00000000f8700000, 0x0000000100000000)
  eden space 119296K, 0% used [0x00000000eab00000,0x00000000eab00000,0x00000000f1f80000)
  from space 46592K, 14% used [0x00000000f5980000,0x00000000f601c030,0x00000000f8700000)
  to   space 15872K, 0% used [0x00000000f3880000,0x00000000f3880000,0x00000000f4800000)
 ParOldGen       total 175104K, used 88280K [0x00000000c0000000, 0x00000000cab00000, 0x00000000eab00000)
  object space 175104K, 50% used [0x00000000c0000000,0x00000000c56362c0,0x00000000cab00000)
 Metaspace       used 56020K, capacity 56444K, committed 56704K, reserved 1095680K
  class space    used 9904K, capacity 10023K, committed 10112K, reserved 1048576K
GC Heap History (10 events):
Event: 121.361 GC heap after
Heap after GC invocations=3 (full 0):
 PSYoungGen      total 141824K, used 10727K [0x00000000eab00000, 0x00000000fc000000, 0x0000000100000000)
  eden space 131072K, 0% used [0x00000000eab00000,0x00000000eab00000,0x00000000f2b00000)
  from space 10752K, 99% used [0x00000000f2b00000,0x00000000f3579ea8,0x00000000f3580000)
  to   space 10752K, 0% used [0x00000000fb580000,0x00000000fb580000,0x00000000fc000000)
 ParOldGen       total 175104K, used 53687K [0x00000000c0000000, 0x00000000cab00000, 0x00000000eab00000)
  object space 175104K, 30% used [0x00000000c0000000,0x00000000c346dfb0,0x00000000cab00000)
 Metaspace       used 39142K, capacity 39530K, committed 39680K, reserved 1081344K
  class space    used 6755K, capacity 6886K, committed 6912K, reserved 1048576K
}
Event: 148.828 GC heap before
{Heap before GC invocations=4 (full 0):
 PSYoungGen      total 141824K, used 141799K [0x00000000eab00000, 0x00000000fc000000, 0x0000000100000000)
  eden space 131072K, 100% used [0x00000000eab00000,0x00000000f2b00000,0x00000000f2b00000)
  from space 10752K, 99% used [0x00000000f2b00000,0x00000000f3579ea8,0x00000000f3580000)
  to   space 10752K, 0% used [0x00000000fb580000,0x00000000fb580000,0x00000000fc000000)
 ParOldGen       total 175104K, used 53687K [0x00000000c0000000, 0x00000000cab00000, 0x00000000eab00000)
  object space 175104K, 30% used [0x00000000c0000000,0x00000000c346dfb0,0x00000000cab00000)
 Metaspace       used 47679K, capacity 48112K, committed 48256K, reserved 1089536K
  class space    used 8625K, capacity 8741K, committed 8832K, reserved 1048576K
Event: 148.962 GC heap after
Heap after GC invocations=4 (full 0):
 PSYoungGen      total 141824K, used 10750K [0x00000000eab00000, 0x00000000fc000000, 0x0000000100000000)
  eden space 131072K, 0% used [0x00000000eab00000,0x00000000eab00000,0x00000000f2b00000)
  from space 10752K, 99% used [0x00000000fb580000,0x00000000fbfffa50,0x00000000fc000000)
  to   space 10752K, 0% used [0x00000000f2b00000,0x00000000f2b00000,0x00000000f3580000)
 ParOldGen       total 175104K, used 65681K [0x00000000c0000000, 0x00000000cab00000, 0x00000000eab00000)
  object space 175104K, 37% used [0x00000000c0000000,0x00000000c4024558,0x00000000cab00000)
 Metaspace       used 47679K, capacity 48112K, committed 48256K, reserved 1089536K
  class space    used 8625K, capacity 8741K, committed 8832K, reserved 1048576K
}
Event: 174.694 GC heap before
{Heap before GC invocations=5 (full 0):
 PSYoungGen      total 141824K, used 141822K [0x00000000eab00000, 0x00000000fc000000, 0x0000000100000000)
  eden space 131072K, 100% used [0x00000000eab00000,0x00000000f2b00000,0x00000000f2b00000)
  from space 10752K, 99% used [0x00000000fb580000,0x00000000fbfffa50,0x00000000fc000000)
  to   space 10752K, 0% used [0x00000000f2b00000,0x00000000f2b00000,0x00000000f3580000)
 ParOldGen       total 175104K, used 65681K [0x00000000c0000000, 0x00000000cab00000, 0x00000000eab00000)
  object space 175104K, 37% used [0x00000000c0000000,0x00000000c4024558,0x00000000cab00000)
 Metaspace       used 55220K, capacity 55644K, committed 55936K, reserved 1095680K
  class space    used 9859K, capacity 9991K, committed 10112K, reserved 1048576K
Event: 174.874 GC heap after
Heap after GC invocations=5 (full 0):
 PSYoungGen      total 137728K, used 10723K [0x00000000eab00000, 0x00000000fb600000, 0x0000000100000000)
  eden space 126976K, 0% used [0x00000000eab00000,0x00000000eab00000,0x00000000f2700000)
  from space 10752K, 99% used [0x00000000f2b00000,0x00000000f3578f40,0x00000000f3580000)
  to   space 48640K, 0% used [0x00000000f8680000,0x00000000f8680000,0x00000000fb600000)
 ParOldGen       total 175104K, used 78335K [0x00000000c0000000, 0x00000000cab00000, 0x00000000eab00000)
  object space 175104K, 44% used [0x00000000c0000000,0x00000000c4c7fd00,0x00000000cab00000)
 Metaspace       used 55220K, capacity 55644K, committed 55936K, reserved 1095680K
  class space    used 9859K, capacity 9991K, committed 10112K, reserved 1048576K
}
Event: 217.590 GC heap before
{Heap before GC invocations=6 (full 0):
 PSYoungGen      total 137728K, used 137699K [0x00000000eab00000, 0x00000000fb600000, 0x0000000100000000)
  eden space 126976K, 100% used [0x00000000eab00000,0x00000000f2700000,0x00000000f2700000)
  from space 10752K, 99% used [0x00000000f2b00000,0x00000000f3578f40,0x00000000f3580000)
  to   space 48640K, 0% used [0x00000000f8680000,0x00000000f8680000,0x00000000fb600000)
 ParOldGen       total 175104K, used 78335K [0x00000000c0000000, 0x00000000cab00000, 0x00000000eab00000)
  object space 175104K, 44% used [0x00000000c0000000,0x00000000c4c7fd00,0x00000000cab00000)
 Metaspace       used 55613K, capacity 56028K, committed 56448K, reserved 1095680K
  class space    used 9861K, capacity 9991K, committed 10112K, reserved 1048576K
Event: 218.182 GC heap after
Heap after GC invocations=6 (full 0):
 PSYoungGen      total 138240K, used 14897K [0x00000000eab00000, 0x00000000f9580000, 0x0000000100000000)
  eden space 122880K, 0% used [0x00000000eab00000,0x00000000eab00000,0x00000000f2300000)
  from space 15360K, 96% used [0x00000000f8680000,0x00000000f950c508,0x00000000f9580000)
  to   space 47616K, 0% used [0x00000000f3880000,0x00000000f3880000,0x00000000f6700000)
 ParOldGen       total 175104K, used 78343K [0x00000000c0000000, 0x00000000cab00000, 0x00000000eab00000)
  object space 175104K, 44% used [0x00000000c0000000,0x00000000c4c81d00,0x00000000cab00000)
 Metaspace       used 55613K, capacity 56028K, committed 56448K, reserved 1095680K
  class space    used 9861K, capacity 9991K, committed 10112K, reserved 1048576K
}
Event: 699.595 GC heap before
{Heap before GC invocations=7 (full 0):
 PSYoungGen      total 138240K, used 137777K [0x00000000eab00000, 0x00000000f9580000, 0x0000000100000000)
  eden space 122880K, 100% used [0x00000000eab00000,0x00000000f2300000,0x00000000f2300000)
  from space 15360K, 96% used [0x00000000f8680000,0x00000000f950c508,0x00000000f9580000)
  to   space 47616K, 0% used [0x00000000f3880000,0x00000000f3880000,0x00000000f6700000)
 ParOldGen       total 175104K, used 78343K [0x00000000c0000000, 0x00000000cab00000, 0x00000000eab00000)
  object space 175104K, 44% used [0x00000000c0000000,0x00000000c4c81d00,0x00000000cab00000)
 Metaspace       used 56009K, capacity 56444K, committed 56704K, reserved 1095680K
  class space    used 9904K, capacity 10023K, committed 10112K, reserved 1048576K
Event: 705.698 GC heap after
Heap after GC invocations=7 (full 0):
 PSYoungGen      total 135168K, used 15775K [0x00000000eab00000, 0x00000000f8700000, 0x0000000100000000)
  eden space 119296K, 0% used [0x00000000eab00000,0x00000000eab00000,0x00000000f1f80000)
  from space 15872K, 99% used [0x00000000f3880000,0x00000000f47e7f08,0x00000000f4800000)
  to   space 46592K, 0% used [0x00000000f5980000,0x00000000f5980000,0x00000000f8700000)
 ParOldGen       total 175104K, used 80725K [0x00000000c0000000, 0x00000000cab00000, 0x00000000eab00000)
  object space 175104K, 46% used [0x00000000c0000000,0x00000000c4ed5400,0x00000000cab00000)
 Metaspace       used 56009K, capacity 56444K, committed 56704K, reserved 1095680K
  class space    used 9904K, capacity 10023K, committed 10112K, reserved 1048576K
}
Event: 710.837 GC heap before
{Heap before GC invocations=8 (full 0):
 PSYoungGen      total 135168K, used 135071K [0x00000000eab00000, 0x00000000f8700000, 0x0000000100000000)
  eden space 119296K, 100% used [0x00000000eab00000,0x00000000f1f80000,0x00000000f1f80000)
  from space 15872K, 99% used [0x00000000f3880000,0x00000000f47e7f08,0x00000000f4800000)
  to   space 46592K, 0% used [0x00000000f5980000,0x00000000f5980000,0x00000000f8700000)
 ParOldGen       total 175104K, used 80725K [0x00000000c0000000, 0x00000000cab00000, 0x00000000eab00000)
  object space 175104K, 46% used [0x00000000c0000000,0x00000000c4ed5400,0x00000000cab00000)
 Metaspace       used 56020K, capacity 56444K, committed 56704K, reserved 1095680K
  class space    used 9904K, capacity 10023K, committed 10112K, reserved 1048576K

